<?xml version="1.0" encoding="UTF-8" ?>
<testsuite errors="1" failures="0" hostname="smendola-t520" name="com.pht.service.logging.LogTests" tests="1" time="0.0080" timestamp="2012-03-05T03:12:01">
  <properties />
  <testcase classname="com.pht.service.logging.LogTests" name="initializationError" time="0.0030">
    <error message="No runnable methods" type="java.lang.Exception">java.lang.Exception: No runnable methods
</error>
  </testcase>
  <system-out><![CDATA[--Output from initializationError--
]]></system-out>
  <system-err><![CDATA[--Output from initializationError--
]]></system-err>
</testsuite>
